<?xml version="1.0" encoding="UTF-8"?>
<!-- Generated by org.testng.reporters.JUnitXMLReporter -->
<testsuite hostname="Benny-computer" ignored="0" name="Default test" tests="5" failures="0" timestamp="21 Dec 2018 08:55:13 GMT" time="26.181" errors="0">
  <testcase name="lg11_loginFailed" time="0.396" classname="tests.LoginTest"/>
  <testcase name="lg1_loginFailed" time="0.278" classname="tests.LoginTest"/>
  <testcase name="lg2_loginSucced" time="5.556" classname="tests.LoginTest"/>
  <testcase name="addToCartCancel" time="6.256" classname="tests.AddToCartTest"/>
  <testcase name="addToCartSucceed" time="1.918" classname="tests.AddToCartTest"/>
</testsuite> <!-- Default test -->
