<?xml version="1.0" encoding="UTF-8"?>
<!-- Generated by org.testng.reporters.JUnitXMLReporter -->
<testsuite hostname="Benny-computer" ignored="0" name="Test" tests="5" failures="0" timestamp="21 Dec 2018 08:32:25 GMT" time="20.794" errors="0">
  <testcase name="lg11_loginFailed" time="0.371" classname="tests.LoginTest"/>
  <testcase name="lg1_loginFailed" time="0.256" classname="tests.LoginTest"/>
  <testcase name="lg2_loginSucced" time="1.999" classname="tests.LoginTest"/>
  <testcase name="addToCartCancel" time="4.439" classname="tests.AddToCartTest"/>
  <testcase name="addToCartSucceed" time="1.818" classname="tests.AddToCartTest"/>
</testsuite> <!-- Test -->
