<?xml version="1.0" encoding="UTF-8"?>
<testng-results skipped="0" failed="0" ignored="0" total="5" passed="5">
  <reporter-output>
  </reporter-output>
  <suite name="Default suite" duration-ms="26181" started-at="2018-12-21T08:54:47Z" finished-at="2018-12-21T08:55:13Z">
    <groups>
    </groups>
    <test name="Default test" duration-ms="26181" started-at="2018-12-21T08:54:47Z" finished-at="2018-12-21T08:55:13Z">
      <class name="tests.LoginTest">
        <test-method status="PASS" signature="setup()[pri:0, instance:tests.LoginTest@77cd7a0]" name="setup" is-config="true" duration-ms="5896" started-at="2018-12-21T08:54:47Z" finished-at="2018-12-21T08:54:53Z">
          <reporter-output>
          </reporter-output>
        </test-method> <!-- setup -->
        <test-method status="PASS" signature="lg11_loginFailed()[pri:0, instance:tests.LoginTest@77cd7a0]" name="lg11_loginFailed" duration-ms="396" started-at="2018-12-21T08:54:53Z" finished-at="2018-12-21T08:54:53Z">
          <reporter-output>
          </reporter-output>
        </test-method> <!-- lg11_loginFailed -->
        <test-method status="PASS" signature="lg1_loginFailed()[pri:0, instance:tests.LoginTest@77cd7a0]" name="lg1_loginFailed" duration-ms="278" started-at="2018-12-21T08:54:53Z" finished-at="2018-12-21T08:54:54Z">
          <reporter-output>
          </reporter-output>
        </test-method> <!-- lg1_loginFailed -->
        <test-method status="PASS" signature="lg2_loginSucced()[pri:0, instance:tests.LoginTest@77cd7a0]" name="lg2_loginSucced" duration-ms="5556" started-at="2018-12-21T08:54:54Z" finished-at="2018-12-21T08:54:59Z">
          <reporter-output>
          </reporter-output>
        </test-method> <!-- lg2_loginSucced -->
        <test-method status="PASS" signature="tearDown()[pri:0, instance:tests.LoginTest@77cd7a0]" name="tearDown" is-config="true" duration-ms="624" started-at="2018-12-21T08:54:59Z" finished-at="2018-12-21T08:55:00Z">
          <reporter-output>
          </reporter-output>
        </test-method> <!-- tearDown -->
      </class> <!-- tests.LoginTest -->
      <class name="tests.AddToCartTest">
        <test-method status="PASS" signature="setup()[pri:0, instance:tests.AddToCartTest@204f30ec]" name="setup" is-config="true" duration-ms="4568" started-at="2018-12-21T08:55:00Z" finished-at="2018-12-21T08:55:04Z">
          <reporter-output>
          </reporter-output>
        </test-method> <!-- setup -->
        <test-method status="PASS" signature="addToCartCancel()[pri:0, instance:tests.AddToCartTest@204f30ec]" name="addToCartCancel" duration-ms="6256" started-at="2018-12-21T08:55:04Z" finished-at="2018-12-21T08:55:11Z">
          <reporter-output>
          </reporter-output>
        </test-method> <!-- addToCartCancel -->
        <test-method status="PASS" signature="addToCartSucceed()[pri:0, instance:tests.AddToCartTest@204f30ec]" name="addToCartSucceed" duration-ms="1918" started-at="2018-12-21T08:55:11Z" finished-at="2018-12-21T08:55:12Z">
          <reporter-output>
          </reporter-output>
        </test-method> <!-- addToCartSucceed -->
        <test-method status="PASS" signature="tearDown()[pri:0, instance:tests.AddToCartTest@204f30ec]" name="tearDown" is-config="true" duration-ms="655" started-at="2018-12-21T08:55:12Z" finished-at="2018-12-21T08:55:13Z">
          <reporter-output>
          </reporter-output>
        </test-method> <!-- tearDown -->
      </class> <!-- tests.AddToCartTest -->
    </test> <!-- Default test -->
  </suite> <!-- Default suite -->
</testng-results>
